2024-07-06 17:18:01,490 - __main__ - INFO - Generating Story
2024-07-06 17:18:01,491 - __main__ - INFO - Getting Prompts
2024-07-06 17:18:01,491 - genisis.generate - INFO - Generating text for prompt
2024-07-06 17:18:06,808 - __main__ - INFO - Saving Story
2024-07-06 17:18:06,808 - __main__ - INFO - Inserting Story
2024-07-06 17:18:06,827 - __main__ - INFO - Generating Title Image
2024-07-06 17:18:06,828 - genisis.generate - INFO - Generating text for prompt
2024-07-06 17:18:09,283 - genisis.generate - INFO - Generating image for prompt
2024-07-06 17:18:17,400 - __main__ - INFO - Generating Audio for Content
2024-07-06 17:18:17,401 - genisis.generate - INFO - Generating audio for text
2024-07-06 17:18:19,420 - genisis.generate - INFO - Generating audio for text
2024-07-06 17:18:21,371 - genisis.generate - INFO - Generating audio for text
2024-07-06 17:18:23,317 - genisis.generate - INFO - Generating audio for text
2024-07-06 17:18:25,260 - genisis.generate - INFO - Generating audio for text
2024-07-06 17:18:27,206 - genisis.generate - INFO - Generating audio for text
2024-07-06 17:18:29,130 - genisis.generate - INFO - Generating audio for text
2024-07-06 17:18:31,100 - genisis.generate - INFO - Generating audio for text
2024-07-06 17:18:33,019 - genisis.generate - INFO - Generating audio for text
2024-07-06 17:18:34,989 - genisis.generate - INFO - Generating audio for text
2024-07-06 17:18:36,936 - genisis.generate - INFO - Generating audio for text
2024-07-06 17:18:38,880 - genisis.generate - INFO - Generating audio for text
2024-07-06 17:18:40,830 - __main__ - INFO - Generating Content Images
2024-07-06 17:18:40,831 - __main__ - INFO - Getting Prompts
2024-07-06 17:18:40,831 - genisis.generate - INFO - Generating text for prompt
2024-07-06 17:18:44,966 - genisis.generate - INFO - Generating image for prompt
2024-07-06 17:18:53,287 - genisis.generate - INFO - Generating text for prompt
2024-07-06 17:18:55,369 - genisis.generate - INFO - Generating image for prompt
2024-07-06 17:19:03,206 - genisis.generate - INFO - Generating text for prompt
2024-07-06 17:19:05,478 - genisis.generate - INFO - Generating image for prompt
2024-07-06 17:19:13,340 - genisis.generate - INFO - Generating text for prompt
2024-07-06 17:19:15,809 - genisis.generate - INFO - Generating image for prompt
2024-07-06 17:19:23,440 - genisis.generate - INFO - Generating text for prompt
2024-07-06 17:19:28,932 - genisis.generate - INFO - Generating image for prompt
2024-07-06 17:19:36,593 - genisis.generate - INFO - Generating text for prompt
2024-07-06 17:19:40,731 - genisis.generate - INFO - Generating image for prompt
2024-07-06 17:19:48,156 - genisis.generate - INFO - Generating text for prompt
2024-07-06 17:19:50,699 - genisis.generate - INFO - Generating image for prompt
2024-07-06 17:19:58,584 - genisis.generate - INFO - Generating text for prompt
2024-07-06 17:20:00,341 - genisis.generate - INFO - Generating image for prompt
2024-07-06 17:20:07,999 - genisis.generate - INFO - Generating text for prompt
2024-07-06 17:20:10,860 - genisis.generate - INFO - Generating image for prompt
2024-07-06 17:20:18,732 - genisis.generate - INFO - Generating text for prompt
2024-07-06 17:20:20,770 - genisis.generate - INFO - Generating image for prompt
2024-07-06 17:20:29,788 - genisis.generate - INFO - Generating text for prompt
2024-07-06 17:20:33,666 - genisis.generate - INFO - Generating image for prompt
2024-07-06 17:20:41,709 - genisis.generate - INFO - Generating text for prompt
2024-07-06 17:20:43,810 - genisis.generate - INFO - Generating image for prompt
2024-07-06 17:20:51,940 - __main__ - INFO - Stitching Video
2024-07-06 17:21:29,295 - py.warnings - WARNING - /home/nickisyourfan/.local/lib/python3.10/site-packages/moviepy/video/io/ffmpeg_reader.py:123: UserWarning: Warning: in file stories/2024-07-06 17:18:06/content-video-38.mp4, 7077888 bytes wanted but 0 bytes read,at frame 131/132, at time 5.46/5.46 sec. Using the last valid frame instead.
  warnings.warn("Warning: in file %s, "%(self.filename)+

2024-07-06 17:21:40,674 - py.warnings - WARNING - /home/nickisyourfan/.local/lib/python3.10/site-packages/moviepy/video/io/ffmpeg_reader.py:123: UserWarning: Warning: in file stories/2024-07-06 17:18:06/content-video-43.mp4, 7077888 bytes wanted but 0 bytes read,at frame 186/187, at time 7.75/7.77 sec. Using the last valid frame instead.
  warnings.warn("Warning: in file %s, "%(self.filename)+

2024-07-06 17:21:48,963 - py.warnings - WARNING - /home/nickisyourfan/.local/lib/python3.10/site-packages/moviepy/video/io/ffmpeg_reader.py:123: UserWarning: Warning: in file stories/2024-07-06 17:18:06/content-video-47.mp4, 7077888 bytes wanted but 0 bytes read,at frame 127/128, at time 5.29/5.30 sec. Using the last valid frame instead.
  warnings.warn("Warning: in file %s, "%(self.filename)+

2024-07-06 17:32:47,543 - __main__ - INFO - Generating Story
2024-07-06 17:32:47,543 - __main__ - INFO - Getting Prompts
2024-07-06 17:32:47,543 - genisis.generate - INFO - Generating text for prompt
2024-07-06 17:32:53,309 - __main__ - INFO - Saving Story
2024-07-06 17:32:53,309 - __main__ - INFO - Inserting Story
2024-07-06 17:32:53,328 - __main__ - INFO - Generating Title Image
2024-07-06 17:32:53,329 - genisis.generate - INFO - Generating text for prompt
2024-07-06 17:32:56,892 - genisis.generate - INFO - Generating image for prompt
2024-07-06 17:33:05,117 - __main__ - INFO - Generating Audio for Content
2024-07-06 17:33:05,117 - genisis.generate - INFO - Generating audio for text
2024-07-06 17:33:07,146 - genisis.generate - INFO - Generating audio for text
2024-07-06 17:33:09,194 - genisis.generate - INFO - Generating audio for text
2024-07-06 17:33:11,137 - genisis.generate - INFO - Generating audio for text
2024-07-06 17:33:13,188 - genisis.generate - INFO - Generating audio for text
2024-07-06 17:33:15,122 - genisis.generate - INFO - Generating audio for text
2024-07-06 17:33:17,185 - genisis.generate - INFO - Generating audio for text
2024-07-06 17:33:19,126 - genisis.generate - INFO - Generating audio for text
2024-07-06 17:33:21,050 - genisis.generate - INFO - Generating audio for text
2024-07-06 17:33:23,030 - genisis.generate - INFO - Generating audio for text
2024-07-06 17:33:25,086 - __main__ - INFO - Generating Content Images
2024-07-06 17:33:25,086 - __main__ - INFO - Getting Prompts
2024-07-06 17:33:25,086 - genisis.generate - INFO - Generating text for prompt
2024-07-06 17:33:26,897 - genisis.generate - INFO - Generating image for prompt
2024-07-06 17:33:34,462 - genisis.generate - INFO - Generating text for prompt
2024-07-06 17:33:37,342 - genisis.generate - INFO - Generating image for prompt
2024-07-06 17:33:45,137 - genisis.generate - INFO - Generating text for prompt
2024-07-06 17:33:48,507 - genisis.generate - INFO - Generating image for prompt
2024-07-06 17:33:56,438 - genisis.generate - INFO - Generating text for prompt
2024-07-06 17:33:58,949 - genisis.generate - INFO - Generating image for prompt
2024-07-06 17:34:06,385 - genisis.generate - INFO - Generating text for prompt
2024-07-06 17:34:09,700 - genisis.generate - INFO - Generating image for prompt
2024-07-06 17:34:18,195 - genisis.generate - INFO - Generating text for prompt
2024-07-06 17:34:20,146 - genisis.generate - INFO - Generating image for prompt
2024-07-06 17:34:27,898 - genisis.generate - INFO - Generating text for prompt
2024-07-06 17:34:31,060 - genisis.generate - INFO - Generating image for prompt
2024-07-06 17:34:38,848 - genisis.generate - INFO - Generating text for prompt
2024-07-06 17:34:42,372 - genisis.generate - INFO - Generating image for prompt
2024-07-06 17:34:49,813 - genisis.generate - INFO - Generating text for prompt
2024-07-06 17:34:52,609 - genisis.generate - INFO - Generating image for prompt
2024-07-06 17:35:00,042 - genisis.generate - INFO - Generating text for prompt
2024-07-06 17:35:02,131 - genisis.generate - INFO - Generating image for prompt
2024-07-06 17:35:09,809 - __main__ - INFO - Stitching Video
2024-07-06 17:35:46,994 - py.warnings - WARNING - /home/nickisyourfan/.local/lib/python3.10/site-packages/moviepy/video/io/ffmpeg_reader.py:123: UserWarning: Warning: in file stories/2024-07-06 17:32:53/content-video-49.mp4, 7077888 bytes wanted but 0 bytes read,at frame 178/179, at time 7.42/7.42 sec. Using the last valid frame instead.
  warnings.warn("Warning: in file %s, "%(self.filename)+

2024-07-06 21:48:10,319 - __main__ - INFO - Generating Story
2024-07-06 21:48:10,319 - __main__ - INFO - Getting Prompts
2024-07-06 21:48:10,319 - genisis.generate - INFO - Generating text for prompt
2024-07-06 21:48:18,303 - __main__ - INFO - Saving Story
2024-07-06 21:48:18,303 - __main__ - INFO - Inserting Story
2024-07-06 21:48:18,323 - __main__ - INFO - Generating Title Image
2024-07-06 21:48:18,323 - genisis.generate - INFO - Generating text for prompt
2024-07-06 21:48:22,602 - genisis.generate - INFO - Generating image for prompt
2024-07-06 21:48:31,436 - __main__ - INFO - Generating Audio for Content
2024-07-06 21:48:31,437 - genisis.generate - INFO - Generating audio for text
2024-07-06 21:48:33,469 - genisis.generate - INFO - Generating audio for text
2024-07-06 21:48:35,515 - genisis.generate - INFO - Generating audio for text
2024-07-06 21:48:37,543 - genisis.generate - INFO - Generating audio for text
2024-07-06 21:48:39,579 - genisis.generate - INFO - Generating audio for text
2024-07-06 21:48:41,610 - genisis.generate - INFO - Generating audio for text
2024-07-06 21:48:43,708 - genisis.generate - INFO - Generating audio for text
2024-07-06 21:48:45,757 - genisis.generate - INFO - Generating audio for text
2024-07-06 21:48:47,905 - genisis.generate - INFO - Generating audio for text
2024-07-06 21:48:50,059 - genisis.generate - INFO - Generating audio for text
2024-07-06 21:48:52,210 - genisis.generate - INFO - Generating audio for text
2024-07-06 21:48:54,377 - __main__ - INFO - Generating Content Images
2024-07-06 21:48:54,377 - __main__ - INFO - Getting Prompts
2024-07-06 21:48:54,377 - genisis.generate - INFO - Generating text for prompt
2024-07-06 21:48:58,033 - genisis.generate - INFO - Generating image for prompt
2024-07-06 21:49:05,488 - genisis.generate - INFO - Generating text for prompt
2024-07-06 21:49:08,592 - genisis.generate - INFO - Generating image for prompt
2024-07-06 21:49:16,661 - genisis.generate - INFO - Generating text for prompt
2024-07-06 21:49:21,074 - genisis.generate - INFO - Generating image for prompt
2024-07-06 21:49:28,978 - genisis.generate - INFO - Generating text for prompt
2024-07-06 21:49:31,722 - genisis.generate - INFO - Generating image for prompt
2024-07-06 21:49:39,317 - genisis.generate - INFO - Generating text for prompt
2024-07-06 21:49:41,657 - genisis.generate - INFO - Generating image for prompt
2024-07-06 21:49:50,112 - genisis.generate - INFO - Generating text for prompt
2024-07-06 21:49:52,901 - genisis.generate - INFO - Generating image for prompt
2024-07-06 21:50:00,193 - genisis.generate - INFO - Generating text for prompt
2024-07-06 21:50:02,653 - genisis.generate - INFO - Generating image for prompt
2024-07-06 21:50:10,172 - genisis.generate - INFO - Generating text for prompt
2024-07-06 21:50:13,198 - genisis.generate - INFO - Generating image for prompt
2024-07-06 21:50:20,918 - genisis.generate - INFO - Generating text for prompt
2024-07-06 21:50:22,616 - genisis.generate - INFO - Generating image for prompt
2024-07-06 21:50:30,379 - genisis.generate - INFO - Generating text for prompt
2024-07-06 21:50:33,966 - genisis.generate - INFO - Generating image for prompt
2024-07-06 21:50:41,448 - genisis.generate - INFO - Generating text for prompt
2024-07-06 21:50:44,431 - genisis.generate - INFO - Generating image for prompt
2024-07-06 21:50:52,166 - __main__ - INFO - Stitching Video
2024-07-06 21:51:35,429 - py.warnings - WARNING - /home/nickisyourfan/.local/lib/python3.10/site-packages/moviepy/video/io/ffmpeg_reader.py:123: UserWarning: Warning: in file stories/2024-07-06 21:48:18/content-video-59.mp4, 7077888 bytes wanted but 0 bytes read,at frame 174/175, at time 7.25/7.27 sec. Using the last valid frame instead.
  warnings.warn("Warning: in file %s, "%(self.filename)+

2024-07-06 21:51:48,448 - py.warnings - WARNING - /home/nickisyourfan/.local/lib/python3.10/site-packages/moviepy/video/io/ffmpeg_reader.py:123: UserWarning: Warning: in file stories/2024-07-06 21:48:18/content-video-64.mp4, 7077888 bytes wanted but 0 bytes read,at frame 192/193, at time 8.00/8.01 sec. Using the last valid frame instead.
  warnings.warn("Warning: in file %s, "%(self.filename)+

2024-07-06 21:52:05,127 - py.warnings - WARNING - /home/nickisyourfan/.local/lib/python3.10/site-packages/moviepy/video/io/ffmpeg_reader.py:123: UserWarning: Warning: in file stories/2024-07-06 21:48:18/content-video-69.mp4, 7077888 bytes wanted but 0 bytes read,at frame 221/222, at time 9.21/9.21 sec. Using the last valid frame instead.
  warnings.warn("Warning: in file %s, "%(self.filename)+

2024-07-06 22:27:04,906 - __main__ - INFO - Generating Story
2024-07-06 22:27:04,906 - __main__ - INFO - Getting Prompts
2024-07-06 22:27:04,906 - __main__ - INFO - Creating Outline
2024-07-06 22:27:04,906 - __main__ - INFO - Getting Prompts
2024-07-06 22:27:04,906 - genisis.generate - INFO - Generating text for prompt
2024-07-06 22:27:18,163 - genisis.generate - INFO - Generating text for prompt
2024-07-06 22:27:29,204 - __main__ - INFO - Saving Story
2024-07-06 22:27:29,204 - __main__ - INFO - Inserting Story
2024-07-06 22:27:29,227 - __main__ - INFO - Generating Title Image
2024-07-06 22:27:29,227 - __main__ - INFO - Getting Prompts
2024-07-06 22:27:29,227 - genisis.generate - INFO - Generating text for prompt
2024-07-06 22:27:35,671 - genisis.generate - INFO - Generating image for prompt
2024-07-06 22:27:43,894 - __main__ - INFO - Generating Audio for Content
2024-07-06 22:27:43,894 - genisis.generate - INFO - Generating audio for text
2024-07-06 22:27:45,810 - genisis.generate - INFO - Generating audio for text
2024-07-06 22:27:47,769 - genisis.generate - INFO - Generating audio for text
2024-07-06 22:27:49,746 - genisis.generate - INFO - Generating audio for text
2024-07-06 22:27:51,657 - genisis.generate - INFO - Generating audio for text
2024-07-06 22:27:53,593 - genisis.generate - INFO - Generating audio for text
2024-07-06 22:27:55,514 - genisis.generate - INFO - Generating audio for text
2024-07-06 22:27:57,428 - genisis.generate - INFO - Generating audio for text
2024-07-06 22:27:59,436 - genisis.generate - INFO - Generating audio for text
2024-07-06 22:28:01,385 - genisis.generate - INFO - Generating audio for text
2024-07-06 22:28:03,386 - genisis.generate - INFO - Generating audio for text
2024-07-06 22:28:05,481 - genisis.generate - INFO - Generating audio for text
2024-07-06 22:28:07,424 - genisis.generate - INFO - Generating audio for text
2024-07-06 22:28:09,474 - genisis.generate - INFO - Generating audio for text
2024-07-06 22:28:11,416 - genisis.generate - INFO - Generating audio for text
2024-07-06 22:28:13,346 - genisis.generate - INFO - Generating audio for text
2024-07-06 22:28:15,412 - genisis.generate - INFO - Generating audio for text
2024-07-06 22:28:17,482 - __main__ - INFO - Generating Content Images
2024-07-06 22:28:17,482 - __main__ - INFO - Getting Prompts
2024-07-06 22:28:17,482 - genisis.generate - INFO - Generating text for prompt
2024-07-06 22:28:20,708 - genisis.generate - INFO - Generating image for prompt
2024-07-06 22:28:28,599 - genisis.generate - INFO - Generating text for prompt
2024-07-06 22:28:31,685 - genisis.generate - INFO - Generating image for prompt
2024-07-06 22:28:39,007 - genisis.generate - INFO - Generating text for prompt
2024-07-06 22:28:41,107 - genisis.generate - INFO - Generating image for prompt
2024-07-06 22:28:48,904 - genisis.generate - INFO - Generating text for prompt
2024-07-06 22:28:59,341 - genisis.generate - INFO - Generating image for prompt
2024-07-06 22:29:07,407 - genisis.generate - INFO - Generating text for prompt
2024-07-06 22:29:10,191 - genisis.generate - INFO - Generating image for prompt
2024-07-07 13:25:36,709 - __main__ - INFO - Generating Story
2024-07-07 13:25:36,709 - __main__ - INFO - Getting Prompts
2024-07-07 13:25:36,709 - __main__ - INFO - Creating Outline
2024-07-07 13:25:36,709 - __main__ - INFO - Getting Prompts
2024-07-07 13:25:36,709 - genisis.generate - INFO - Generating text for prompt
2024-07-07 13:25:44,910 - genisis.generate - INFO - Generating text for prompt
2024-07-07 13:25:54,027 - __main__ - INFO - Saving Story
2024-07-07 13:25:54,036 - __main__ - INFO - Inserting Story
2024-07-07 13:25:54,051 - __main__ - INFO - Generating Title Image
2024-07-07 13:25:54,051 - __main__ - INFO - Getting Prompts
2024-07-07 13:25:54,051 - genisis.generate - INFO - Generating text for prompt
2024-07-07 13:25:57,936 - genisis.generate - INFO - Generating image for prompt
2024-07-07 13:26:06,631 - __main__ - INFO - Generating Audio for Content
2024-07-07 13:26:06,631 - genisis.generate - INFO - Generating audio for text
2024-07-07 13:26:08,568 - genisis.generate - INFO - Generating audio for text
2024-07-07 13:26:10,490 - genisis.generate - INFO - Generating audio for text
2024-07-07 13:26:12,460 - genisis.generate - INFO - Generating audio for text
2024-07-07 13:26:14,491 - genisis.generate - INFO - Generating audio for text
2024-07-07 13:26:16,459 - genisis.generate - INFO - Generating audio for text
2024-07-07 13:26:18,398 - genisis.generate - INFO - Generating audio for text
2024-07-07 13:26:20,351 - genisis.generate - INFO - Generating audio for text
2024-07-07 13:26:22,289 - genisis.generate - INFO - Generating audio for text
2024-07-07 13:26:24,344 - genisis.generate - INFO - Generating audio for text
2024-07-07 13:26:26,319 - genisis.generate - INFO - Generating audio for text
2024-07-07 13:26:28,203 - genisis.generate - INFO - Generating audio for text
2024-07-07 13:26:30,181 - genisis.generate - INFO - Generating audio for text
2024-07-07 13:26:32,109 - __main__ - INFO - Generating Content Images
2024-07-07 13:26:32,109 - __main__ - INFO - Getting Prompts
2024-07-07 13:26:32,109 - genisis.generate - INFO - Generating text for prompt
2024-07-07 13:26:34,168 - genisis.generate - INFO - Generating image for prompt
2024-07-07 13:26:42,000 - genisis.generate - INFO - Generating text for prompt
2024-07-07 13:26:47,279 - genisis.generate - INFO - Generating image for prompt
2024-07-07 13:26:54,758 - genisis.generate - INFO - Generating text for prompt
2024-07-07 13:26:57,861 - genisis.generate - INFO - Generating image for prompt
2024-07-07 13:27:05,377 - genisis.generate - INFO - Generating text for prompt
2024-07-07 13:27:07,347 - genisis.generate - INFO - Generating image for prompt
2024-07-07 13:27:14,739 - genisis.generate - INFO - Generating text for prompt
2024-07-07 13:27:18,199 - genisis.generate - INFO - Generating image for prompt
2024-07-07 13:27:25,515 - genisis.generate - INFO - Generating text for prompt
2024-07-07 13:27:27,329 - genisis.generate - INFO - Generating image for prompt
2024-07-07 13:27:35,572 - genisis.generate - INFO - Generating text for prompt
2024-07-07 13:27:38,432 - genisis.generate - INFO - Generating image for prompt
2024-07-07 13:27:46,092 - genisis.generate - INFO - Generating text for prompt
2024-07-07 13:27:54,771 - genisis.generate - INFO - Generating image for prompt
2024-07-07 13:28:03,497 - genisis.generate - INFO - Generating text for prompt
2024-07-07 13:28:07,978 - genisis.generate - INFO - Generating image for prompt
2024-07-07 13:28:15,580 - genisis.generate - INFO - Generating text for prompt
2024-07-07 13:28:18,528 - genisis.generate - INFO - Generating image for prompt
2024-07-07 13:28:26,246 - genisis.generate - INFO - Generating text for prompt
2024-07-07 13:28:28,997 - genisis.generate - INFO - Generating image for prompt
2024-07-07 13:28:36,510 - genisis.generate - INFO - Generating text for prompt
2024-07-07 13:28:38,788 - genisis.generate - INFO - Generating image for prompt
2024-07-07 13:28:45,834 - genisis.generate - INFO - Generating text for prompt
2024-07-07 13:28:48,801 - genisis.generate - INFO - Generating image for prompt
2024-07-07 13:28:56,405 - __main__ - INFO - Stitching Video
2024-07-07 13:29:31,030 - py.warnings - WARNING - /home/nickisyourfan/.local/lib/python3.10/site-packages/moviepy/video/io/ffmpeg_reader.py:123: UserWarning: Warning: in file stories/2024-07-07 13:25:54/content-video-87.mp4, 7077888 bytes wanted but 0 bytes read,at frame 102/103, at time 4.25/4.27 sec. Using the last valid frame instead.
  warnings.warn("Warning: in file %s, "%(self.filename)+

2024-07-07 13:29:45,653 - py.warnings - WARNING - /home/nickisyourfan/.local/lib/python3.10/site-packages/moviepy/video/io/ffmpeg_reader.py:123: UserWarning: Warning: in file stories/2024-07-07 13:25:54/content-video-95.mp4, 7077888 bytes wanted but 0 bytes read,at frame 151/152, at time 6.29/6.31 sec. Using the last valid frame instead.
  warnings.warn("Warning: in file %s, "%(self.filename)+

2024-07-07 13:29:54,154 - py.warnings - WARNING - /home/nickisyourfan/.local/lib/python3.10/site-packages/moviepy/video/io/ffmpeg_reader.py:123: UserWarning: Warning: in file stories/2024-07-07 13:25:54/content-video-99.mp4, 7077888 bytes wanted but 0 bytes read,at frame 169/170, at time 7.04/7.05 sec. Using the last valid frame instead.
  warnings.warn("Warning: in file %s, "%(self.filename)+

2024-07-07 13:46:44,334 - __main__ - INFO - Generating Story
2024-07-07 13:46:44,334 - __main__ - INFO - Getting Prompts
2024-07-07 13:46:44,334 - __main__ - INFO - Creating Outline
2024-07-07 13:46:44,334 - genisis.generate - INFO - Generating text for prompt
2024-07-07 13:46:55,896 - __main__ - INFO - Saving Story
2024-07-07 13:46:55,896 - __main__ - INFO - Inserting Story
2024-07-07 13:46:55,916 - __main__ - INFO - Generating Title Image
2024-07-07 13:46:55,916 - __main__ - INFO - Getting Prompts
2024-07-07 13:46:55,916 - genisis.generate - INFO - Generating text for prompt
2024-07-07 13:47:03,589 - genisis.generate - INFO - Generating image for prompt
2024-07-07 13:47:11,931 - __main__ - INFO - Generating Audio for Content
2024-07-07 13:47:11,932 - genisis.generate - INFO - Generating audio for text
2024-07-07 13:47:13,839 - genisis.generate - INFO - Generating audio for text
2024-07-07 13:47:15,778 - genisis.generate - INFO - Generating audio for text
2024-07-07 13:47:17,687 - genisis.generate - INFO - Generating audio for text
2024-07-07 13:47:19,668 - genisis.generate - INFO - Generating audio for text
2024-07-07 13:47:21,614 - genisis.generate - INFO - Generating audio for text
2024-07-07 13:47:23,559 - genisis.generate - INFO - Generating audio for text
2024-07-07 13:47:25,509 - genisis.generate - INFO - Generating audio for text
2024-07-07 13:47:27,456 - genisis.generate - INFO - Generating audio for text
2024-07-07 13:47:29,405 - genisis.generate - INFO - Generating audio for text
2024-07-07 13:47:31,360 - genisis.generate - INFO - Generating audio for text
2024-07-07 13:47:33,294 - genisis.generate - INFO - Generating audio for text
2024-07-07 13:47:35,240 - genisis.generate - INFO - Generating audio for text
2024-07-07 13:47:37,171 - genisis.generate - INFO - Generating audio for text
2024-07-07 13:47:39,125 - genisis.generate - INFO - Generating audio for text
2024-07-07 13:47:41,057 - genisis.generate - INFO - Generating audio for text
2024-07-07 13:47:43,024 - genisis.generate - INFO - Generating audio for text
2024-07-07 13:47:44,969 - genisis.generate - INFO - Generating audio for text
2024-07-07 13:47:47,009 - genisis.generate - INFO - Generating audio for text
2024-07-07 13:47:48,963 - genisis.generate - INFO - Generating audio for text
2024-07-07 13:47:50,927 - __main__ - INFO - Generating Content Images
2024-07-07 13:47:50,927 - __main__ - INFO - Getting Prompts
2024-07-07 13:47:50,928 - genisis.generate - INFO - Generating text for prompt
2024-07-07 13:47:53,459 - genisis.generate - INFO - Generating image for prompt
2024-07-07 13:48:01,408 - genisis.generate - INFO - Generating text for prompt
2024-07-07 13:48:03,600 - genisis.generate - INFO - Generating image for prompt
2024-07-07 13:48:11,574 - genisis.generate - INFO - Generating text for prompt
2024-07-07 13:48:14,758 - genisis.generate - INFO - Generating image for prompt
2024-07-07 13:48:22,378 - genisis.generate - INFO - Generating text for prompt
2024-07-07 13:48:25,515 - genisis.generate - INFO - Generating image for prompt
2024-07-07 13:48:33,079 - genisis.generate - INFO - Generating text for prompt
2024-07-07 13:48:35,956 - genisis.generate - INFO - Generating image for prompt
2024-07-07 13:48:44,248 - genisis.generate - INFO - Generating text for prompt
2024-07-07 13:48:46,281 - genisis.generate - INFO - Generating image for prompt
2024-07-07 13:48:53,914 - genisis.generate - INFO - Generating text for prompt
2024-07-07 13:48:58,957 - genisis.generate - INFO - Generating image for prompt
2024-07-07 13:49:06,741 - genisis.generate - INFO - Generating text for prompt
2024-07-07 13:49:09,413 - genisis.generate - INFO - Generating image for prompt
2024-07-07 13:49:16,686 - genisis.generate - INFO - Generating text for prompt
2024-07-07 13:49:20,678 - genisis.generate - INFO - Generating image for prompt
2024-07-07 13:49:29,135 - genisis.generate - INFO - Generating text for prompt
2024-07-07 13:49:31,195 - genisis.generate - INFO - Generating image for prompt
2024-07-07 13:49:31,967 - genisis.generate - INFO - Generating image for prompt
2024-07-07 13:49:32,786 - genisis.generate - INFO - Generating image for prompt
2024-07-07 13:49:33,365 - genisis.generate - INFO - Generating image for prompt
2024-07-07 13:49:34,119 - genisis.generate - INFO - Generating image for prompt
2024-07-07 13:49:34,732 - genisis.generate - INFO - Generating image for prompt
2024-07-07 13:49:35,345 - genisis.generate - INFO - Generating image for prompt
2024-07-07 13:49:35,959 - genisis.generate - INFO - Generating image for prompt
2024-07-07 13:49:36,525 - genisis.generate - INFO - Generating image for prompt
2024-07-07 13:49:37,095 - genisis.generate - INFO - Generating image for prompt
2024-07-07 13:49:37,803 - genisis.generate - INFO - Generating image for prompt
2024-07-07 13:49:38,418 - genisis.generate - INFO - Generating image for prompt
2024-07-07 13:49:38,882 - genisis.generate - INFO - Generating image for prompt
2024-07-07 13:49:39,531 - genisis.generate - INFO - Generating image for prompt
2024-07-07 13:49:39,919 - genisis.generate - INFO - Generating image for prompt
2024-07-07 13:49:40,466 - genisis.generate - INFO - Generating image for prompt
2024-07-07 13:49:40,910 - genisis.generate - INFO - Generating image for prompt
2024-07-07 13:49:41,490 - genisis.generate - INFO - Generating image for prompt
2024-07-07 13:51:27,642 - __main__ - INFO - Generating Story
2024-07-07 13:51:27,642 - __main__ - INFO - Getting Prompts
2024-07-07 13:51:27,642 - __main__ - INFO - Creating Outline
2024-07-07 13:51:27,642 - genisis.generate - INFO - Generating text for prompt
2024-07-07 13:51:37,717 - __main__ - INFO - Saving Story
2024-07-07 13:51:37,717 - __main__ - INFO - Inserting Story
2024-07-07 13:51:37,736 - __main__ - INFO - Generating Title Image
2024-07-07 13:51:37,737 - __main__ - INFO - Getting Prompts
2024-07-07 13:51:37,737 - genisis.generate - INFO - Generating text for prompt
2024-07-07 13:51:44,576 - genisis.generate - INFO - Generating image for prompt
2024-07-07 13:51:53,196 - __main__ - INFO - Generating Audio for Content
2024-07-07 13:51:53,196 - genisis.generate - INFO - Generating audio for text
2024-07-07 13:51:55,140 - genisis.generate - INFO - Generating audio for text
2024-07-07 13:51:57,180 - genisis.generate - INFO - Generating audio for text
2024-07-07 13:51:59,127 - genisis.generate - INFO - Generating audio for text
2024-07-07 13:52:01,033 - genisis.generate - INFO - Generating audio for text
2024-07-07 13:52:02,987 - genisis.generate - INFO - Generating audio for text
2024-07-07 13:52:04,968 - genisis.generate - INFO - Generating audio for text
2024-07-07 13:52:07,016 - genisis.generate - INFO - Generating audio for text
2024-07-07 13:52:09,061 - genisis.generate - INFO - Generating audio for text
2024-07-07 13:52:10,998 - genisis.generate - INFO - Generating audio for text
2024-07-07 13:52:12,953 - genisis.generate - INFO - Generating audio for text
2024-07-07 13:52:14,895 - genisis.generate - INFO - Generating audio for text
2024-07-07 13:52:16,843 - genisis.generate - INFO - Generating audio for text
2024-07-07 13:52:18,793 - __main__ - INFO - Generating Content Images
2024-07-07 13:52:18,793 - __main__ - INFO - Getting Prompts
2024-07-07 13:52:18,793 - genisis.generate - INFO - Generating text for prompt
2024-07-07 13:52:22,872 - genisis.generate - INFO - Generating image for prompt
2024-07-07 13:52:30,631 - genisis.generate - INFO - Generating text for prompt
2024-07-07 13:52:34,348 - genisis.generate - INFO - Generating image for prompt
2024-07-07 13:52:41,826 - genisis.generate - INFO - Generating text for prompt
2024-07-07 13:52:45,095 - genisis.generate - INFO - Generating image for prompt
2024-07-07 13:52:52,881 - genisis.generate - INFO - Generating text for prompt
2024-07-07 13:52:54,867 - genisis.generate - INFO - Generating image for prompt
2024-07-07 13:53:02,556 - genisis.generate - INFO - Generating text for prompt
2024-07-07 13:53:04,346 - genisis.generate - INFO - Generating image for prompt
2024-07-07 13:53:12,345 - genisis.generate - INFO - Generating text for prompt
2024-07-07 13:53:15,072 - genisis.generate - INFO - Generating image for prompt
2024-07-07 13:53:23,197 - genisis.generate - INFO - Generating text for prompt
2024-07-07 13:53:26,366 - genisis.generate - INFO - Generating image for prompt
2024-07-07 13:53:33,890 - genisis.generate - INFO - Generating text for prompt
2024-07-07 13:53:37,047 - genisis.generate - INFO - Generating image for prompt
2024-07-07 13:53:44,470 - genisis.generate - INFO - Generating text for prompt
2024-07-07 13:53:46,844 - genisis.generate - INFO - Generating image for prompt
2024-07-07 13:53:54,311 - genisis.generate - INFO - Generating text for prompt
2024-07-07 13:53:56,984 - genisis.generate - INFO - Generating image for prompt
2024-07-07 13:54:04,577 - genisis.generate - INFO - Generating text for prompt
2024-07-07 13:54:07,843 - genisis.generate - INFO - Generating image for prompt
2024-07-07 13:54:15,667 - genisis.generate - INFO - Generating text for prompt
2024-07-07 13:54:18,590 - genisis.generate - INFO - Generating image for prompt
2024-07-07 13:54:26,067 - genisis.generate - INFO - Generating text for prompt
2024-07-07 13:54:28,930 - genisis.generate - INFO - Generating image for prompt
2024-07-07 13:54:36,884 - __main__ - INFO - Stitching Video
2024-07-07 13:55:25,493 - py.warnings - WARNING - /home/nickisyourfan/.local/lib/python3.10/site-packages/moviepy/video/io/ffmpeg_reader.py:123: UserWarning: Warning: in file stories/2024-07-07 13:51:37/content-video-121.mp4, 7077888 bytes wanted but 0 bytes read,at frame 176/177, at time 7.33/7.34 sec. Using the last valid frame instead.
  warnings.warn("Warning: in file %s, "%(self.filename)+

2024-07-07 13:55:41,699 - py.warnings - WARNING - /home/nickisyourfan/.local/lib/python3.10/site-packages/moviepy/video/io/ffmpeg_reader.py:123: UserWarning: Warning: in file stories/2024-07-07 13:51:37/content-video-127.mp4, 7077888 bytes wanted but 0 bytes read,at frame 203/204, at time 8.46/8.47 sec. Using the last valid frame instead.
  warnings.warn("Warning: in file %s, "%(self.filename)+

2024-07-07 14:50:04,177 - __main__ - INFO - Generating Story
2024-07-07 14:50:04,177 - __main__ - INFO - Getting Prompts
2024-07-07 14:50:04,177 - __main__ - INFO - Creating Outline
2024-07-07 14:50:04,177 - genisis.generate - INFO - Generating text for prompt
2024-07-07 14:50:17,641 - __main__ - INFO - Saving Story
2024-07-07 14:50:17,641 - __main__ - INFO - Inserting Story
2024-07-07 14:50:17,661 - __main__ - INFO - Generating Title Image
2024-07-07 14:50:17,661 - __main__ - INFO - Getting Prompts
2024-07-07 14:50:17,661 - genisis.generate - INFO - Generating text for prompt
2024-07-07 14:50:20,641 - genisis.generate - INFO - Generating image for prompt
2024-07-07 14:50:29,277 - __main__ - INFO - Generating Audio for Content
2024-07-07 14:50:29,278 - genisis.generate - INFO - Generating audio for text
2024-07-07 14:50:31,632 - genisis.generate - INFO - Generating audio for text
2024-07-07 14:50:33,734 - genisis.generate - INFO - Generating audio for text
2024-07-07 14:50:35,857 - genisis.generate - INFO - Generating audio for text
2024-07-07 14:50:37,928 - genisis.generate - INFO - Generating audio for text
2024-07-07 14:50:39,853 - genisis.generate - INFO - Generating audio for text
2024-07-07 14:50:41,834 - genisis.generate - INFO - Generating audio for text
2024-07-07 14:50:43,801 - genisis.generate - INFO - Generating audio for text
2024-07-07 14:50:45,814 - genisis.generate - INFO - Generating audio for text
2024-07-07 14:50:47,960 - genisis.generate - INFO - Generating audio for text
2024-07-07 14:50:50,218 - genisis.generate - INFO - Generating audio for text
2024-07-07 14:50:52,204 - genisis.generate - INFO - Generating audio for text
2024-07-07 14:50:54,317 - genisis.generate - INFO - Generating audio for text
2024-07-07 14:50:56,393 - genisis.generate - INFO - Generating audio for text
2024-07-07 14:50:58,376 - genisis.generate - INFO - Generating audio for text
2024-07-07 14:51:00,361 - genisis.generate - INFO - Generating audio for text
2024-07-07 14:51:02,402 - __main__ - INFO - Generating Content Images
2024-07-07 14:51:02,402 - __main__ - INFO - Getting Prompts
2024-07-07 14:51:02,402 - genisis.generate - INFO - Generating text for prompt
2024-07-07 14:51:06,352 - genisis.generate - INFO - Generating image for prompt
2024-07-07 14:51:14,200 - genisis.generate - INFO - Generating text for prompt
2024-07-07 14:51:19,493 - genisis.generate - INFO - Generating image for prompt
2024-07-07 14:51:27,015 - genisis.generate - INFO - Generating text for prompt
2024-07-07 14:51:30,038 - genisis.generate - INFO - Generating image for prompt
2024-07-07 14:51:37,559 - genisis.generate - INFO - Generating text for prompt
2024-07-07 14:51:41,611 - genisis.generate - INFO - Generating image for prompt
2024-07-07 14:51:48,184 - genisis.generate - INFO - Generating image for prompt
2024-07-07 14:51:56,216 - genisis.generate - INFO - Generating text for prompt
2024-07-07 14:51:58,097 - genisis.generate - INFO - Generating image for prompt
2024-07-07 14:52:04,756 - genisis.generate - INFO - Generating image for prompt
2024-07-07 14:52:12,559 - genisis.generate - INFO - Generating text for prompt
2024-07-07 14:52:14,790 - genisis.generate - INFO - Generating image for prompt
2024-07-07 14:52:21,238 - genisis.generate - INFO - Generating image for prompt
2024-07-07 14:52:28,955 - genisis.generate - INFO - Generating text for prompt
2024-07-07 14:52:33,223 - genisis.generate - INFO - Generating image for prompt
2024-07-07 14:52:41,017 - genisis.generate - INFO - Generating text for prompt
2024-07-07 14:52:43,362 - genisis.generate - INFO - Generating image for prompt
2024-07-07 14:52:52,022 - genisis.generate - INFO - Generating text for prompt
2024-07-07 14:52:56,362 - genisis.generate - INFO - Generating image for prompt
2024-07-07 14:53:05,381 - genisis.generate - INFO - Generating text for prompt
2024-07-07 14:53:09,196 - genisis.generate - INFO - Generating image for prompt
2024-07-07 14:53:17,493 - genisis.generate - INFO - Generating text for prompt
2024-07-07 14:53:19,514 - genisis.generate - INFO - Generating image for prompt
2024-07-07 14:53:27,897 - genisis.generate - INFO - Generating text for prompt
2024-07-07 14:53:30,115 - genisis.generate - INFO - Generating image for prompt
2024-07-07 14:53:37,760 - genisis.generate - INFO - Generating text for prompt
2024-07-07 14:53:40,195 - genisis.generate - INFO - Generating image for prompt
2024-07-07 14:53:47,654 - genisis.generate - INFO - Generating text for prompt
2024-07-07 14:53:50,439 - genisis.generate - INFO - Generating image for prompt
2024-07-07 14:53:58,358 - genisis.generate - INFO - Generating text for prompt
2024-07-07 14:54:00,879 - genisis.generate - INFO - Generating image for prompt
2024-07-07 14:54:08,193 - genisis.generate - INFO - Generating text for prompt
2024-07-07 14:54:11,323 - genisis.generate - INFO - Generating image for prompt
2024-07-07 14:54:19,179 - __main__ - INFO - Stitching Video
2024-07-07 14:55:24,763 - py.warnings - WARNING - /home/nickisyourfan/.local/lib/python3.10/site-packages/moviepy/video/io/ffmpeg_reader.py:123: UserWarning: Warning: in file stories/2024-07-07 14:50:17/content-video-133.mp4, 7077888 bytes wanted but 0 bytes read,at frame 210/211, at time 8.75/8.76 sec. Using the last valid frame instead.
  warnings.warn("Warning: in file %s, "%(self.filename)+

2024-07-07 14:56:01,126 - py.warnings - WARNING - /home/nickisyourfan/.local/lib/python3.10/site-packages/moviepy/video/io/ffmpeg_reader.py:123: UserWarning: Warning: in file stories/2024-07-07 14:50:17/content-video-143.mp4, 7077888 bytes wanted but 0 bytes read,at frame 253/254, at time 10.54/10.56 sec. Using the last valid frame instead.
  warnings.warn("Warning: in file %s, "%(self.filename)+

2024-07-07 15:23:38,180 - __main__ - INFO - Generating Story
2024-07-07 15:23:38,180 - __main__ - INFO - Getting Prompts
2024-07-07 15:23:38,180 - __main__ - INFO - Creating Outline
2024-07-07 15:23:38,180 - genisis.generate - INFO - Generating text for prompt
2024-07-07 15:24:01,593 - __main__ - INFO - Saving Story
2024-07-07 15:24:01,593 - __main__ - INFO - Inserting Story
2024-07-07 15:24:01,613 - __main__ - INFO - Generating Title Image
2024-07-07 15:24:01,614 - __main__ - INFO - Getting Prompts
2024-07-07 15:24:01,614 - genisis.generate - INFO - Generating text for prompt
2024-07-07 15:24:07,019 - genisis.generate - INFO - Generating image for prompt
2024-07-07 15:24:15,170 - __main__ - INFO - Generating Audio for Content
2024-07-07 15:24:15,171 - genisis.generate - INFO - Generating audio for text
2024-07-07 15:24:17,183 - genisis.generate - INFO - Generating audio for text
2024-07-07 15:24:19,221 - genisis.generate - INFO - Generating audio for text
2024-07-07 15:24:21,306 - genisis.generate - INFO - Generating audio for text
2024-07-07 15:24:23,310 - genisis.generate - INFO - Generating audio for text
2024-07-07 15:24:25,274 - genisis.generate - INFO - Generating audio for text
2024-07-07 15:24:27,302 - genisis.generate - INFO - Generating audio for text
2024-07-07 15:24:29,352 - genisis.generate - INFO - Generating audio for text
2024-07-07 15:24:31,297 - genisis.generate - INFO - Generating audio for text
2024-07-07 15:24:33,226 - genisis.generate - INFO - Generating audio for text
2024-07-07 15:24:35,282 - genisis.generate - INFO - Generating audio for text
2024-07-07 15:24:37,378 - genisis.generate - INFO - Generating audio for text
2024-07-07 15:24:39,454 - genisis.generate - INFO - Generating audio for text
2024-07-07 15:24:41,435 - genisis.generate - INFO - Generating audio for text
2024-07-07 15:24:43,495 - genisis.generate - INFO - Generating audio for text
2024-07-07 15:24:45,419 - genisis.generate - INFO - Generating audio for text
2024-07-07 15:24:47,366 - genisis.generate - INFO - Generating audio for text
2024-07-07 15:24:49,319 - genisis.generate - INFO - Generating audio for text
2024-07-07 15:24:51,370 - genisis.generate - INFO - Generating audio for text
2024-07-07 15:24:53,420 - genisis.generate - INFO - Generating audio for text
2024-07-07 15:24:55,477 - genisis.generate - INFO - Generating audio for text
2024-07-07 15:24:57,717 - genisis.generate - INFO - Generating audio for text
2024-07-07 15:24:59,768 - genisis.generate - INFO - Generating audio for text
2024-07-07 15:25:01,812 - genisis.generate - INFO - Generating audio for text
2024-07-07 15:25:03,819 - genisis.generate - INFO - Generating audio for text
2024-07-07 15:25:05,881 - genisis.generate - INFO - Generating audio for text
2024-07-07 15:25:08,065 - genisis.generate - INFO - Generating audio for text
2024-07-07 15:25:10,091 - genisis.generate - INFO - Generating audio for text
2024-07-07 15:25:12,189 - __main__ - INFO - Generating Content Images
2024-07-07 15:25:12,189 - __main__ - INFO - Getting Prompts
2024-07-07 15:25:12,189 - genisis.generate - INFO - Generating text for prompt
2024-07-07 15:25:17,841 - genisis.generate - INFO - Generating image for prompt
2024-07-07 15:25:25,152 - genisis.generate - INFO - Generating text for prompt
2024-07-07 15:25:32,652 - genisis.generate - INFO - Generating image for prompt
2024-07-07 15:25:40,285 - genisis.generate - INFO - Generating text for prompt
2024-07-07 15:25:47,576 - genisis.generate - INFO - Generating image for prompt
2024-07-07 15:25:55,082 - genisis.generate - INFO - Generating text for prompt
2024-07-07 15:26:02,633 - genisis.generate - INFO - Generating image for prompt
2024-07-07 15:26:10,267 - genisis.generate - INFO - Generating text for prompt
2024-07-07 15:26:16,705 - genisis.generate - INFO - Generating image for prompt
2024-07-07 15:26:25,152 - genisis.generate - INFO - Generating text for prompt
2024-07-07 15:26:31,331 - genisis.generate - INFO - Generating image for prompt
2024-07-07 15:26:39,354 - genisis.generate - INFO - Generating text for prompt
2024-07-07 15:26:46,955 - genisis.generate - INFO - Generating image for prompt
2024-07-07 15:26:54,925 - genisis.generate - INFO - Generating text for prompt
2024-07-07 15:27:02,640 - genisis.generate - INFO - Generating image for prompt
2024-07-07 15:27:10,365 - genisis.generate - INFO - Generating text for prompt
2024-07-07 15:27:16,871 - genisis.generate - INFO - Generating image for prompt
2024-07-07 15:27:24,635 - genisis.generate - INFO - Generating text for prompt
2024-07-07 15:27:34,588 - genisis.generate - INFO - Generating image for prompt
2024-07-07 15:27:42,407 - genisis.generate - INFO - Generating text for prompt
2024-07-07 15:27:48,614 - genisis.generate - INFO - Generating image for prompt
2024-07-07 15:27:56,952 - genisis.generate - INFO - Generating text for prompt
2024-07-07 15:28:09,102 - genisis.generate - INFO - Generating image for prompt
2024-07-07 15:28:17,018 - genisis.generate - INFO - Generating text for prompt
2024-07-07 15:28:25,374 - genisis.generate - INFO - Generating image for prompt
2024-07-07 15:28:33,070 - genisis.generate - INFO - Generating text for prompt
2024-07-07 15:28:39,406 - genisis.generate - INFO - Generating image for prompt
2024-07-07 15:28:46,949 - genisis.generate - INFO - Generating text for prompt
2024-07-07 15:28:54,075 - genisis.generate - INFO - Generating image for prompt
2024-07-07 15:29:01,802 - genisis.generate - INFO - Generating text for prompt
2024-07-07 15:29:10,431 - genisis.generate - INFO - Generating image for prompt
2024-07-07 15:29:18,426 - genisis.generate - INFO - Generating text for prompt
2024-07-07 15:29:25,792 - genisis.generate - INFO - Generating image for prompt
2024-07-07 15:29:33,593 - genisis.generate - INFO - Generating text for prompt
2024-07-07 15:29:40,947 - genisis.generate - INFO - Generating image for prompt
2024-07-07 15:29:48,846 - genisis.generate - INFO - Generating text for prompt
2024-07-07 15:29:55,999 - genisis.generate - INFO - Generating image for prompt
2024-07-07 15:30:03,548 - genisis.generate - INFO - Generating text for prompt
2024-07-07 15:30:12,349 - genisis.generate - INFO - Generating image for prompt
2024-07-07 15:30:19,671 - genisis.generate - INFO - Generating text for prompt
2024-07-07 15:30:27,301 - genisis.generate - INFO - Generating image for prompt
2024-07-07 15:30:33,892 - genisis.generate - INFO - Generating image for prompt
2024-07-07 15:30:41,627 - genisis.generate - INFO - Generating text for prompt
2024-07-07 15:30:49,968 - genisis.generate - INFO - Generating image for prompt
2024-07-07 15:30:57,190 - genisis.generate - INFO - Generating text for prompt
2024-07-07 15:31:06,963 - genisis.generate - INFO - Generating image for prompt
2024-07-07 15:31:15,017 - genisis.generate - INFO - Generating text for prompt
2024-07-07 15:31:23,064 - genisis.generate - INFO - Generating image for prompt
2024-07-07 15:31:31,077 - genisis.generate - INFO - Generating text for prompt
2024-07-07 15:31:39,418 - genisis.generate - INFO - Generating image for prompt
2024-07-07 15:31:46,116 - genisis.generate - INFO - Generating image for prompt
2024-07-07 15:31:53,918 - genisis.generate - INFO - Generating text for prompt
2024-07-07 15:32:03,082 - genisis.generate - INFO - Generating image for prompt
2024-07-07 15:32:11,149 - genisis.generate - INFO - Generating text for prompt
2024-07-07 15:32:17,825 - genisis.generate - INFO - Generating image for prompt
2024-07-07 15:32:25,650 - genisis.generate - INFO - Generating text for prompt
2024-07-07 15:32:32,366 - genisis.generate - INFO - Generating image for prompt
2024-07-07 15:32:40,042 - __main__ - INFO - Stitching Video
2024-07-07 15:34:34,602 - py.warnings - WARNING - /home/nickisyourfan/.local/lib/python3.10/site-packages/moviepy/audio/io/readers.py:197: UserWarning: Error in file stories/2024-07-07 15:24:01/content-video-156.mp4, At time t=6.86-6.90 seconds, indices wanted: 99580-101579, but len(buffer)=99581
index 99581 is out of bounds for axis 0 with size 99581
  warnings.warn("Error in file %s, "%(self.filename)+

2024-07-07 15:34:34,603 - py.warnings - WARNING - /home/nickisyourfan/.local/lib/python3.10/site-packages/moviepy/audio/io/readers.py:197: UserWarning: Error in file stories/2024-07-07 15:24:01/content-video-156.mp4, At time t=6.90-6.95 seconds, indices wanted: 99580-101579, but len(buffer)=99581
index 99581 is out of bounds for axis 0 with size 99581
  warnings.warn("Error in file %s, "%(self.filename)+

2024-07-07 15:34:34,603 - py.warnings - WARNING - /home/nickisyourfan/.local/lib/python3.10/site-packages/moviepy/audio/io/readers.py:197: UserWarning: Error in file stories/2024-07-07 15:24:01/content-video-156.mp4, At time t=6.95-7.00 seconds, indices wanted: 99580-101579, but len(buffer)=99581
index 99581 is out of bounds for axis 0 with size 99581
  warnings.warn("Error in file %s, "%(self.filename)+

2024-07-07 15:34:34,604 - py.warnings - WARNING - /home/nickisyourfan/.local/lib/python3.10/site-packages/moviepy/audio/io/readers.py:197: UserWarning: Error in file stories/2024-07-07 15:24:01/content-video-156.mp4, At time t=7.00-7.04 seconds, indices wanted: 99580-101578, but len(buffer)=99581
index 99581 is out of bounds for axis 0 with size 99581
  warnings.warn("Error in file %s, "%(self.filename)+

2024-07-07 15:34:34,604 - py.warnings - WARNING - /home/nickisyourfan/.local/lib/python3.10/site-packages/moviepy/audio/io/readers.py:197: UserWarning: Error in file stories/2024-07-07 15:24:01/content-video-156.mp4, At time t=7.04-7.09 seconds, indices wanted: 99580-101579, but len(buffer)=99581
index 99581 is out of bounds for axis 0 with size 99581
  warnings.warn("Error in file %s, "%(self.filename)+

2024-07-07 15:34:34,605 - py.warnings - WARNING - /home/nickisyourfan/.local/lib/python3.10/site-packages/moviepy/audio/io/readers.py:197: UserWarning: Error in file stories/2024-07-07 15:24:01/content-video-156.mp4, At time t=7.09-7.13 seconds, indices wanted: 99580-101579, but len(buffer)=99581
index 99581 is out of bounds for axis 0 with size 99581
  warnings.warn("Error in file %s, "%(self.filename)+

2024-07-07 15:34:34,605 - py.warnings - WARNING - /home/nickisyourfan/.local/lib/python3.10/site-packages/moviepy/audio/io/readers.py:197: UserWarning: Error in file stories/2024-07-07 15:24:01/content-video-156.mp4, At time t=7.13-7.18 seconds, indices wanted: 99580-101578, but len(buffer)=99581
index 99581 is out of bounds for axis 0 with size 99581
  warnings.warn("Error in file %s, "%(self.filename)+

2024-07-07 15:34:34,606 - py.warnings - WARNING - /home/nickisyourfan/.local/lib/python3.10/site-packages/moviepy/audio/io/readers.py:197: UserWarning: Error in file stories/2024-07-07 15:24:01/content-video-156.mp4, At time t=7.18-7.22 seconds, indices wanted: 99580-101579, but len(buffer)=99581
index 99581 is out of bounds for axis 0 with size 99581
  warnings.warn("Error in file %s, "%(self.filename)+

2024-07-07 15:34:34,607 - py.warnings - WARNING - /home/nickisyourfan/.local/lib/python3.10/site-packages/moviepy/audio/io/readers.py:197: UserWarning: Error in file stories/2024-07-07 15:24:01/content-video-156.mp4, At time t=7.22-7.27 seconds, indices wanted: 99580-101579, but len(buffer)=99581
index 99581 is out of bounds for axis 0 with size 99581
  warnings.warn("Error in file %s, "%(self.filename)+

2024-07-07 15:34:34,607 - py.warnings - WARNING - /home/nickisyourfan/.local/lib/python3.10/site-packages/moviepy/audio/io/readers.py:197: UserWarning: Error in file stories/2024-07-07 15:24:01/content-video-156.mp4, At time t=7.27-7.31 seconds, indices wanted: 99580-101579, but len(buffer)=99581
index 99581 is out of bounds for axis 0 with size 99581
  warnings.warn("Error in file %s, "%(self.filename)+

2024-07-07 15:34:34,608 - py.warnings - WARNING - /home/nickisyourfan/.local/lib/python3.10/site-packages/moviepy/audio/io/readers.py:197: UserWarning: Error in file stories/2024-07-07 15:24:01/content-video-156.mp4, At time t=7.31-7.36 seconds, indices wanted: 99580-101578, but len(buffer)=99581
index 99581 is out of bounds for axis 0 with size 99581
  warnings.warn("Error in file %s, "%(self.filename)+

2024-07-07 15:34:34,608 - py.warnings - WARNING - /home/nickisyourfan/.local/lib/python3.10/site-packages/moviepy/audio/io/readers.py:197: UserWarning: Error in file stories/2024-07-07 15:24:01/content-video-156.mp4, At time t=7.36-7.40 seconds, indices wanted: 99580-101579, but len(buffer)=99581
index 99581 is out of bounds for axis 0 with size 99581
  warnings.warn("Error in file %s, "%(self.filename)+

2024-07-07 15:34:34,609 - py.warnings - WARNING - /home/nickisyourfan/.local/lib/python3.10/site-packages/moviepy/audio/io/readers.py:197: UserWarning: Error in file stories/2024-07-07 15:24:01/content-video-156.mp4, At time t=7.40-7.45 seconds, indices wanted: 99580-101579, but len(buffer)=99581
index 99581 is out of bounds for axis 0 with size 99581
  warnings.warn("Error in file %s, "%(self.filename)+

2024-07-07 15:34:34,609 - py.warnings - WARNING - /home/nickisyourfan/.local/lib/python3.10/site-packages/moviepy/audio/io/readers.py:197: UserWarning: Error in file stories/2024-07-07 15:24:01/content-video-156.mp4, At time t=7.45-7.49 seconds, indices wanted: 99580-101578, but len(buffer)=99581
index 99581 is out of bounds for axis 0 with size 99581
  warnings.warn("Error in file %s, "%(self.filename)+

2024-07-07 15:34:34,610 - py.warnings - WARNING - /home/nickisyourfan/.local/lib/python3.10/site-packages/moviepy/audio/io/readers.py:197: UserWarning: Error in file stories/2024-07-07 15:24:01/content-video-156.mp4, At time t=7.49-7.54 seconds, indices wanted: 99580-101579, but len(buffer)=99581
index 99581 is out of bounds for axis 0 with size 99581
  warnings.warn("Error in file %s, "%(self.filename)+

2024-07-07 15:34:34,610 - py.warnings - WARNING - /home/nickisyourfan/.local/lib/python3.10/site-packages/moviepy/audio/io/readers.py:197: UserWarning: Error in file stories/2024-07-07 15:24:01/content-video-156.mp4, At time t=7.54-7.58 seconds, indices wanted: 99580-101579, but len(buffer)=99581
index 99581 is out of bounds for axis 0 with size 99581
  warnings.warn("Error in file %s, "%(self.filename)+

2024-07-07 15:34:34,611 - py.warnings - WARNING - /home/nickisyourfan/.local/lib/python3.10/site-packages/moviepy/audio/io/readers.py:197: UserWarning: Error in file stories/2024-07-07 15:24:01/content-video-156.mp4, At time t=7.58-7.63 seconds, indices wanted: 99580-101579, but len(buffer)=99581
index 99581 is out of bounds for axis 0 with size 99581
  warnings.warn("Error in file %s, "%(self.filename)+

2024-07-07 15:34:34,612 - py.warnings - WARNING - /home/nickisyourfan/.local/lib/python3.10/site-packages/moviepy/audio/io/readers.py:197: UserWarning: Error in file stories/2024-07-07 15:24:01/content-video-156.mp4, At time t=7.63-7.68 seconds, indices wanted: 99580-101578, but len(buffer)=99581
index 99581 is out of bounds for axis 0 with size 99581
  warnings.warn("Error in file %s, "%(self.filename)+

2024-07-07 15:34:34,613 - py.warnings - WARNING - /home/nickisyourfan/.local/lib/python3.10/site-packages/moviepy/audio/io/readers.py:197: UserWarning: Error in file stories/2024-07-07 15:24:01/content-video-156.mp4, At time t=7.68-7.72 seconds, indices wanted: 99580-101579, but len(buffer)=99581
index 99581 is out of bounds for axis 0 with size 99581
  warnings.warn("Error in file %s, "%(self.filename)+

2024-07-07 15:34:34,614 - py.warnings - WARNING - /home/nickisyourfan/.local/lib/python3.10/site-packages/moviepy/audio/io/readers.py:197: UserWarning: Error in file stories/2024-07-07 15:24:01/content-video-156.mp4, At time t=7.72-7.77 seconds, indices wanted: 99580-101579, but len(buffer)=99581
index 99581 is out of bounds for axis 0 with size 99581
  warnings.warn("Error in file %s, "%(self.filename)+

2024-07-07 15:34:34,614 - py.warnings - WARNING - /home/nickisyourfan/.local/lib/python3.10/site-packages/moviepy/audio/io/readers.py:197: UserWarning: Error in file stories/2024-07-07 15:24:01/content-video-156.mp4, At time t=7.77-7.81 seconds, indices wanted: 99580-101579, but len(buffer)=99581
index 99581 is out of bounds for axis 0 with size 99581
  warnings.warn("Error in file %s, "%(self.filename)+

2024-07-07 15:34:34,615 - py.warnings - WARNING - /home/nickisyourfan/.local/lib/python3.10/site-packages/moviepy/audio/io/readers.py:197: UserWarning: Error in file stories/2024-07-07 15:24:01/content-video-156.mp4, At time t=7.81-7.86 seconds, indices wanted: 99580-101578, but len(buffer)=99581
index 99581 is out of bounds for axis 0 with size 99581
  warnings.warn("Error in file %s, "%(self.filename)+

2024-07-07 15:34:34,616 - py.warnings - WARNING - /home/nickisyourfan/.local/lib/python3.10/site-packages/moviepy/audio/io/readers.py:197: UserWarning: Error in file stories/2024-07-07 15:24:01/content-video-156.mp4, At time t=7.86-7.90 seconds, indices wanted: 99580-100591, but len(buffer)=99581
index 99581 is out of bounds for axis 0 with size 99581
  warnings.warn("Error in file %s, "%(self.filename)+

2024-07-07 15:34:42,016 - py.warnings - WARNING - /home/nickisyourfan/.local/lib/python3.10/site-packages/moviepy/video/io/ffmpeg_reader.py:123: UserWarning: Warning: in file stories/2024-07-07 15:24:01/content-video-149.mp4, 7077888 bytes wanted but 0 bytes read,at frame 243/244, at time 10.12/10.13 sec. Using the last valid frame instead.
  warnings.warn("Warning: in file %s, "%(self.filename)+

2024-07-07 15:35:31,572 - py.warnings - WARNING - /home/nickisyourfan/.local/lib/python3.10/site-packages/moviepy/video/io/ffmpeg_reader.py:123: UserWarning: Warning: in file stories/2024-07-07 15:24:01/content-video-163.mp4, 7077888 bytes wanted but 0 bytes read,at frame 231/232, at time 9.62/9.63 sec. Using the last valid frame instead.
  warnings.warn("Warning: in file %s, "%(self.filename)+

